<?xml version="1.0" encoding="UTF-8"?>
<!-- Generated by org.testng.reporters.JUnitXMLReporter -->
<testsuite hostname="LAPTOP-6QHL3RD4" ignored="0" name="Default test" tests="9" failures="0" timestamp="15 Jun 2019 18:23:45 GMT" time="144.149" errors="0">
  <testcase name="addEmployeeTest" time="9.254" classname="com.frankbahar.testcases.AddEmployeeTest"/>
  <testcase name="addEmployeeTest" time="9.912" classname="com.frankbahar.testcases.AddEmployeeTest"/>
  <testcase name="addEmployeeTest" time="9.705" classname="com.frankbahar.testcases.AddEmployeeTest"/>
  <testcase name="addEmployeeTest" time="9.873" classname="com.frankbahar.testcases.AddEmployeeTest"/>
  <testcase name="addEmployeeTest" time="9.595" classname="com.frankbahar.testcases.AddEmployeeTest"/>
  <testcase name="addEmployeeTest" time="9.366" classname="com.frankbahar.testcases.AddEmployeeTest"/>
  <testcase name="addEmployeeTest" time="9.359" classname="com.frankbahar.testcases.AddEmployeeTest"/>
  <testcase name="addEmployeeTest" time="8.93" classname="com.frankbahar.testcases.AddEmployeeTest"/>
  <testcase name="addEmployeeTest" time="9.719" classname="com.frankbahar.testcases.AddEmployeeTest"/>
</testsuite> <!-- Default test -->
