<?xml version="1.0" encoding="UTF-8"?>
<!-- Generated by org.testng.reporters.JUnitXMLReporter -->
<testsuite hostname="LAPTOP-6QHL3RD4" ignored="3" name="Regression Test" tests="10" failures="1" timestamp="15 Jun 2019 18:47:48 GMT" time="174.345" errors="0">
  <testcase name="addEmployeeTest" time="11.767" classname="com.frankbahar.testcases.AddEmployeeTest"/>
  <testcase name="addEmployeeTest" time="9.951" classname="com.frankbahar.testcases.AddEmployeeTest"/>
  <testcase name="addEmployeeTest" time="29.204" classname="com.frankbahar.testcases.AddEmployeeTest">
    <failure type="java.lang.AssertionError" message="null">
      <![CDATA[java.lang.AssertionError: null
at com.frankbahar.testcases.AddEmployeeTest.addEmployeeTest(AddEmployeeTest.java:57)
... Removed 28 stack frames]]>
    </failure>
  </testcase> <!-- addEmployeeTest -->
  <testcase name="addEmployeeTest" time="9.127" classname="com.frankbahar.testcases.AddEmployeeTest"/>
  <testcase name="addEmployeeTest" time="9.628" classname="com.frankbahar.testcases.AddEmployeeTest"/>
  <testcase name="addEmployeeTest" time="10.265" classname="com.frankbahar.testcases.AddEmployeeTest"/>
  <testcase name="addEmployeeTest" time="9.4" classname="com.frankbahar.testcases.AddEmployeeTest"/>
  <testcase name="addEmployeeTest" time="9.633" classname="com.frankbahar.testcases.AddEmployeeTest"/>
  <testcase name="addEmployeeTest" time="8.927" classname="com.frankbahar.testcases.AddEmployeeTest"/>
  <testcase name="invalidLogin" time="2.159" classname="com.frankbahar.testcases.LoginPageTest"/>
  <testcase name="doLogin" time="0.0" classname="com.frankbahar.testcases.LoginPageTest">
    <ignored/>
  </testcase> <!-- doLogin -->
  <testcase name="addLocationTest" time="0.0" classname="com.frankbahar.testcases.AddLocationTest">
    <ignored/>
  </testcase> <!-- addLocationTest -->
  <testcase name="loginToOrangeHRM" time="0.0" classname="com.frankbahar.testcases.LoginPageTest">
    <ignored/>
  </testcase> <!-- loginToOrangeHRM -->
</testsuite> <!-- Regression Test -->
