-------------------------------------------------------------------------------
Test set: TestSuite
-------------------------------------------------------------------------------
Tests run: 2, Failures: 1, Errors: 0, Skipped: 0, Time elapsed: 17.806 s <<< FAILURE! - in TestSuite
doLogin(com.frankbahar.testcases.LoginPageTest)  Time elapsed: 2.177 s  <<< FAILURE!
java.lang.AssertionError: expected [true] but found [false]
	at com.frankbahar.testcases.LoginPageTest.doLogin(LoginPageTest.java:36)

